<?xml version="1.0" encoding="UTF-8"?>
<!-- Generated by org.testng.reporters.JUnitXMLReporter -->
<testsuite hostname="DESKTOP-FVKBK2P" ignored="0" name="Command line test" tests="2" failures="2" timestamp="2021-05-05T14:08:26 WAT" time="1.488" errors="0">
  <testcase name="runScenario" time="0.348" classname="io.cucumber.testng.AbstractTestNGCucumberTests">
    <failure type="java.lang.AbstractMethodError" message="org.openqa.selenium.remote.service.DriverService$Builder.createDriverService(Ljava/io/File;ILcom/google/common/collect/ImmutableList;Lcom/google/common/collect/ImmutableMap;)Lorg/openqa/selenium/remote/service/DriverService;">
      <![CDATA[java.lang.AbstractMethodError: org.openqa.selenium.remote.service.DriverService$Builder.createDriverService(Ljava/io/File;ILcom/google/common/collect/ImmutableList;Lcom/google/common/collect/ImmutableMap;)Lorg/openqa/selenium/remote/service/DriverService;
at org.openqa.selenium.remote.service.DriverService$Builder.build(DriverService.java:360)
at org.openqa.selenium.chrome.ChromeDriverService.createDefaultService(ChromeDriverService.java:118)
at org.openqa.selenium.chrome.ChromeDriver.<init>(ChromeDriver.java:105)
at com.manomano.BaseClass.setDriver(BaseClass.java:13)
at com.manomano.StepDefinitions.LoginStepDefs.setUp(LoginStepDefs.java:16)
]]>
    </failure>
  </testcase> <!-- runScenario -->
  <testcase name="runScenario" time="0.071" classname="io.cucumber.testng.AbstractTestNGCucumberTests">
    <failure type="java.lang.AbstractMethodError" message="org.openqa.selenium.remote.service.DriverService$Builder.createDriverService(Ljava/io/File;ILcom/google/common/collect/ImmutableList;Lcom/google/common/collect/ImmutableMap;)Lorg/openqa/selenium/remote/service/DriverService;">
      <![CDATA[java.lang.AbstractMethodError: org.openqa.selenium.remote.service.DriverService$Builder.createDriverService(Ljava/io/File;ILcom/google/common/collect/ImmutableList;Lcom/google/common/collect/ImmutableMap;)Lorg/openqa/selenium/remote/service/DriverService;
at org.openqa.selenium.remote.service.DriverService$Builder.build(DriverService.java:360)
at org.openqa.selenium.chrome.ChromeDriverService.createDefaultService(ChromeDriverService.java:118)
at org.openqa.selenium.chrome.ChromeDriver.<init>(ChromeDriver.java:105)
at com.manomano.BaseClass.setDriver(BaseClass.java:13)
at com.manomano.StepDefinitions.LoginStepDefs.setUp(LoginStepDefs.java:16)
]]>
    </failure>
  </testcase> <!-- runScenario -->
</testsuite> <!-- Command line test -->
