<?xml version="1.0" encoding="UTF-8" ?>
<testsuite tests="2" failures="2" name="com.manomano.TestRunner" time="0.451" errors="0" skipped="0">
  <properties>
    <property name="java.runtime.name" value="Java(TM) SE Runtime Environment"/>
    <property name="sun.boot.library.path" value="C:\Program Files\Java\jdk1.8.0_231\jre\bin"/>
    <property name="java.vm.version" value="25.231-b11"/>
    <property name="java.vm.vendor" value="Oracle Corporation"/>
    <property name="maven.multiModuleProjectDirectory" value="C:\Users\Gabriel\Documents\PAWK\Projets\ManomanoTest"/>
    <property name="java.vendor.url" value="http://java.oracle.com/"/>
    <property name="path.separator" value=";"/>
    <property name="guice.disable.misplaced.annotation.check" value="true"/>
    <property name="java.vm.name" value="Java HotSpot(TM) 64-Bit Server VM"/>
    <property name="file.encoding.pkg" value="sun.io"/>
    <property name="user.script" value=""/>
    <property name="user.country" value="FR"/>
    <property name="sun.java.launcher" value="SUN_STANDARD"/>
    <property name="sun.os.patch.level" value=""/>
    <property name="java.vm.specification.name" value="Java Virtual Machine Specification"/>
    <property name="user.dir" value="C:\Users\Gabriel\Documents\PAWK\Projets\ManomanoTest"/>
    <property name="java.runtime.version" value="1.8.0_231-b11"/>
    <property name="java.awt.graphicsenv" value="sun.awt.Win32GraphicsEnvironment"/>
    <property name="java.endorsed.dirs" value="C:\Program Files\Java\jdk1.8.0_231\jre\lib\endorsed"/>
    <property name="os.arch" value="amd64"/>
    <property name="java.io.tmpdir" value="C:\Users\Gabriel\AppData\Local\Temp\"/>
    <property name="line.separator" value="
"/>
    <property name="java.vm.specification.vendor" value="Oracle Corporation"/>
    <property name="user.variant" value=""/>
    <property name="os.name" value="Windows 10"/>
    <property name="classworlds.conf" value="C:\Users\Gabriel\Documents\apache-maven-3.6.3\bin\..\bin\m2.conf"/>
    <property name="sun.jnu.encoding" value="Cp1252"/>
    <property name="java.library.path" value="C:\Program Files\Java\jdk1.8.0_231\bin;C:\Windows\Sun\Java\bin;C:\Windows\system32;C:\Windows;C:\Program Files (x86)\Common Files\Oracle\Java\javapath;C:\Windows\system32;C:\Windows;C:\Windows\System32\Wbem;C:\Windows\System32\WindowsPowerShell\v1.0\;C:\Program Files (x86)\Microsoft VS Code\bin;C:\Users\Gabriel\AppData\Local\Android\Sdk\platform-tools;C:\Program Files (x86)\Git\cmd;C:\ProgramData\chocolatey\bin;C:\Program Files (x86)\Git\usr\bin;C:\Program Files (x86)\Yarn\bin\;C:\Program Files\Java\jdk1.8.0_231\bin;C:\wamp64\bin\php\php7.4.0;C:\composer;C:\Users\Gabriel\Documents\apache-maven-3.6.3\bin;C:\Program Files (x86)\Windows Live\Shared;C:\Users\Gabriel\Documents\flutter\bin;C:\Program Files\dotnet\;C:\Program Files\nodejs\;C:\Users\Gabriel\AppData\Local\Programs\Python\Python38-32\Scripts\;C:\Users\Gabriel\AppData\Local\Programs\Python\Python38-32\;C:\Users\Gabriel\AppData\Local\Yarn\bin;C:\Users\Gabriel\AppData\Roaming\Composer\vendor\bin;C:\Users\Gabriel\.dotnet\tools;C:\Users\Gabriel\AppData\Roaming\npm;."/>
    <property name="maven.conf" value="C:\Users\Gabriel\Documents\apache-maven-3.6.3\bin\../conf"/>
    <property name="java.specification.name" value="Java Platform API Specification"/>
    <property name="java.class.version" value="52.0"/>
    <property name="sun.management.compiler" value="HotSpot 64-Bit Tiered Compilers"/>
    <property name="os.version" value="10.0"/>
    <property name="library.jansi.path" value="C:\Users\Gabriel\Documents\apache-maven-3.6.3\bin\..\lib\jansi-native"/>
    <property name="user.home" value="C:\Users\Gabriel"/>
    <property name="user.timezone" value="Africa/Luanda"/>
    <property name="java.awt.printerjob" value="sun.awt.windows.WPrinterJob"/>
    <property name="java.specification.version" value="1.8"/>
    <property name="file.encoding" value="Cp1252"/>
    <property name="user.name" value="Gabriel"/>
    <property name="java.class.path" value="C:\Users\Gabriel\Documents\apache-maven-3.6.3\bin\..\boot\plexus-classworlds-2.6.0.jar"/>
    <property name="java.vm.specification.version" value="1.8"/>
    <property name="sun.arch.data.model" value="64"/>
    <property name="java.home" value="C:\Program Files\Java\jdk1.8.0_231\jre"/>
    <property name="sun.java.command" value="org.codehaus.plexus.classworlds.launcher.Launcher clean verify"/>
    <property name="java.specification.vendor" value="Oracle Corporation"/>
    <property name="user.language" value="fr"/>
    <property name="awt.toolkit" value="sun.awt.windows.WToolkit"/>
    <property name="java.vm.info" value="mixed mode"/>
    <property name="java.version" value="1.8.0_231"/>
    <property name="java.ext.dirs" value="C:\Program Files\Java\jdk1.8.0_231\jre\lib\ext;C:\Windows\Sun\Java\lib\ext"/>
    <property name="sun.boot.class.path" value="C:\Program Files\Java\jdk1.8.0_231\jre\lib\resources.jar;C:\Program Files\Java\jdk1.8.0_231\jre\lib\rt.jar;C:\Program Files\Java\jdk1.8.0_231\jre\lib\sunrsasign.jar;C:\Program Files\Java\jdk1.8.0_231\jre\lib\jsse.jar;C:\Program Files\Java\jdk1.8.0_231\jre\lib\jce.jar;C:\Program Files\Java\jdk1.8.0_231\jre\lib\charsets.jar;C:\Program Files\Java\jdk1.8.0_231\jre\lib\jfr.jar;C:\Program Files\Java\jdk1.8.0_231\jre\classes"/>
    <property name="sun.stderr.encoding" value="cp850"/>
    <property name="java.vendor" value="Oracle Corporation"/>
    <property name="maven.home" value="C:\Users\Gabriel\Documents\apache-maven-3.6.3\bin\.."/>
    <property name="file.separator" value="\"/>
    <property name="java.vendor.url.bug" value="http://bugreport.sun.com/bugreport/"/>
    <property name="sun.cpu.endian" value="little"/>
    <property name="sun.io.unicode.encoding" value="UnicodeLittle"/>
    <property name="sun.stdout.encoding" value="cp850"/>
    <property name="sun.desktop" value="windows"/>
    <property name="sun.cpu.isalist" value="amd64"/>
  </properties>
  <testcase classname="com.manomano.TestRunner" name="runScenario" time="0.385">
    <failure message="org.openqa.selenium.remote.service.DriverService$Builder.createDriverService(Ljava/io/File;ILcom/google/common/collect/ImmutableList;Lcom/google/common/collect/ImmutableMap;)Lorg/openqa/selenium/remote/service/DriverService;" type="java.lang.AbstractMethodError">java.lang.AbstractMethodError: org.openqa.selenium.remote.service.DriverService$Builder.createDriverService(Ljava/io/File;ILcom/google/common/collect/ImmutableList;Lcom/google/common/collect/ImmutableMap;)Lorg/openqa/selenium/remote/service/DriverService;
	at org.openqa.selenium.remote.service.DriverService$Builder.build(DriverService.java:360)
	at org.openqa.selenium.chrome.ChromeDriverService.createDefaultService(ChromeDriverService.java:118)
	at org.openqa.selenium.chrome.ChromeDriver.&lt;init&gt;(ChromeDriver.java:105)
	at com.manomano.BaseClass.setDriver(BaseClass.java:13)
	at com.manomano.StepDefinitions.LoginStepDefs.setUp(LoginStepDefs.java:16)
</failure>
    <system-out>Configuring TestNG with: org.apache.maven.surefire.testng.conf.TestNG652Configurator@4fccd51b

Scenario:                                &amp;#27;[90m# src/test/ressources/features/Login.feature:2&amp;#27;[0m
      &amp;#27;[31mjava.lang.AbstractMethodError: org.openqa.selenium.remote.service.DriverService$Builder.createDriverService(Ljava/io/File;ILcom/google/common/collect/ImmutableList;Lcom/google/common/collect/ImmutableMap;)Lorg/openqa/selenium/remote/service/DriverService;
	at org.openqa.selenium.remote.service.DriverService$Builder.build(DriverService.java:360)
	at org.openqa.selenium.chrome.ChromeDriverService.createDefaultService(ChromeDriverService.java:118)
	at org.openqa.selenium.chrome.ChromeDriver.&lt;init&gt;(ChromeDriver.java:105)
	at com.manomano.BaseClass.setDriver(BaseClass.java:13)
	at com.manomano.StepDefinitions.LoginStepDefs.setUp(LoginStepDefs.java:16)
&amp;#27;[0m
  &amp;#27;[36mGiven &amp;#27;[0m&amp;#27;[36maller sur la page de connexion&amp;#27;[0m   &amp;#27;[90m# com.manomano.StepDefinitions.LoginStepDefs.GotoHomePage()&amp;#27;[0m
  &amp;#27;[36mAnd &amp;#27;[0m&amp;#27;[36mcliquer sur continuer avec google&amp;#27;[0m  &amp;#27;[90m# com.manomano.StepDefinitions.LoginStepDefs.clickContinueWithGoogle()&amp;#27;[0m
  &amp;#27;[36mWhen &amp;#27;[0m&amp;#27;[36mutilisateur selectionne le compte&amp;#27;[0m &amp;#27;[90m# com.manomano.StepDefinitions.LoginStepDefs.userSelectAccount()&amp;#27;[0m
  &amp;#27;[36mThen &amp;#27;[0m&amp;#27;[36mUser home page is display&amp;#27;[0m         &amp;#27;[90m# com.manomano.StepDefinitions.LoginStepDefs.userHomePageIsDisplay()&amp;#27;[0m
      &amp;#27;[31mjava.lang.NullPointerException
	at com.manomano.BaseClass.closeDriver(BaseClass.java:22)
	at com.manomano.StepDefinitions.LoginStepDefs.close(LoginStepDefs.java:21)
&amp;#27;[0m
</system-out>
  </testcase>
  <testcase classname="com.manomano.TestRunner" name="runScenario" time="0.066">
    <failure message="org.openqa.selenium.remote.service.DriverService$Builder.createDriverService(Ljava/io/File;ILcom/google/common/collect/ImmutableList;Lcom/google/common/collect/ImmutableMap;)Lorg/openqa/selenium/remote/service/DriverService;" type="java.lang.AbstractMethodError">java.lang.AbstractMethodError: org.openqa.selenium.remote.service.DriverService$Builder.createDriverService(Ljava/io/File;ILcom/google/common/collect/ImmutableList;Lcom/google/common/collect/ImmutableMap;)Lorg/openqa/selenium/remote/service/DriverService;
	at org.openqa.selenium.remote.service.DriverService$Builder.build(DriverService.java:360)
	at org.openqa.selenium.chrome.ChromeDriverService.createDefaultService(ChromeDriverService.java:118)
	at org.openqa.selenium.chrome.ChromeDriver.&lt;init&gt;(ChromeDriver.java:105)
	at com.manomano.BaseClass.setDriver(BaseClass.java:13)
	at com.manomano.StepDefinitions.LoginStepDefs.setUp(LoginStepDefs.java:16)
</failure>
    <system-out>
Scenario: Login Test                     &amp;#27;[90m# src/test/ressources/features/LoginTest.feature:2&amp;#27;[0m
      &amp;#27;[31mjava.lang.AbstractMethodError: org.openqa.selenium.remote.service.DriverService$Builder.createDriverService(Ljava/io/File;ILcom/google/common/collect/ImmutableList;Lcom/google/common/collect/ImmutableMap;)Lorg/openqa/selenium/remote/service/DriverService;
	at org.openqa.selenium.remote.service.DriverService$Builder.build(DriverService.java:360)
	at org.openqa.selenium.chrome.ChromeDriverService.createDefaultService(ChromeDriverService.java:118)
	at org.openqa.selenium.chrome.ChromeDriver.&lt;init&gt;(ChromeDriver.java:105)
	at com.manomano.BaseClass.setDriver(BaseClass.java:13)
	at com.manomano.StepDefinitions.LoginStepDefs.setUp(LoginStepDefs.java:16)
&amp;#27;[0m
  &amp;#27;[36mGiven &amp;#27;[0m&amp;#27;[36maller sur la page de connexion&amp;#27;[0m   &amp;#27;[90m# com.manomano.StepDefinitions.LoginStepDefs.GotoHomePage()&amp;#27;[0m
  &amp;#27;[36mAnd &amp;#27;[0m&amp;#27;[36mcliquer sur continuer avec google&amp;#27;[0m  &amp;#27;[90m# com.manomano.StepDefinitions.LoginStepDefs.clickContinueWithGoogle()&amp;#27;[0m
  &amp;#27;[36mWhen &amp;#27;[0m&amp;#27;[36mutilisateur selectionne le compte&amp;#27;[0m &amp;#27;[90m# com.manomano.StepDefinitions.LoginStepDefs.userSelectAccount()&amp;#27;[0m
  &amp;#27;[36mThen &amp;#27;[0m&amp;#27;[36mUser home page is display&amp;#27;[0m         &amp;#27;[90m# com.manomano.StepDefinitions.LoginStepDefs.userHomePageIsDisplay()&amp;#27;[0m
      &amp;#27;[31mjava.lang.NullPointerException
	at com.manomano.BaseClass.closeDriver(BaseClass.java:22)
	at com.manomano.StepDefinitions.LoginStepDefs.close(LoginStepDefs.java:21)
&amp;#27;[0m
</system-out>
  </testcase>
</testsuite>